Removed Pin From Net: NetName=Motor4 Pin=U1-20
Remove Class Member: Failed to remove class member
Change Component Designator: OldDesignator=ESC NewDesignator=J1
Change Component Designator: OldDesignator=Extra NewDesignator=J9
Change Component Designator: OldDesignator=IMU NewDesignator=U4
Change Component Designator: OldDesignator=LDO2 NewDesignator=U2
Change Component Designator: OldDesignator=LDO NewDesignator=VR1
Change Component Designator: OldDesignator=POWER NewDesignator=D1
Change Component Designator: OldDesignator=Power NewDesignator=J8
Change Component Designator: OldDesignator=RESET NewDesignator=SW?
Change Component Designator: OldDesignator=Servo1 NewDesignator=J2
Change Component Designator: OldDesignator=Servo2 NewDesignator=J3
Change Component Designator: OldDesignator=SWCLK NewDesignator=D2
Change Component Designator: OldDesignator=SWD NewDesignator=J4
Change Component Designator: OldDesignator=ToF NewDesignator=J6
Change Component Designator: OldDesignator=ToF NewDesignator=U6
Change Component Designator: OldDesignator=XBee NewDesignator=J7
Change Component Designator: OldDesignator=XT60 NewDesignator=J5
Change Component Description : Designator=C2 Old Description=Capacitor MLCC 0603 100nF 50V New Description=Capacitor MLCC 0603 100nF 50V | AVX 06035C104K4T2A
Change Component Description : Designator=C5 Old Description=Capacitor MLCC 0603 100nF 50V New Description=Capacitor MLCC 0603 100nF 50V | AVX 06035C104K4T2A
Change Component Description : Designator=C6 Old Description=Capacitor MLCC 0603 100nF 50V New Description=Capacitor MLCC 0603 100nF 50V | AVX 06035C104K4T2A
Change Component Description : Designator=C7 Old Description=Capacitor MLCC 0603 100nF 50V New Description=Capacitor MLCC 0603 100nF 50V | AVX 06035C104K4T2A
Change Component Description : Designator=C9 Old Description=Capacitor MLCC 0603 100nF 50V New Description=Capacitor MLCC 0603 100nF 50V | AVX 06035C104K4T2A
Change Component Description : Designator=C10 Old Description=Capacitor MLCC 0603 100nF 50V New Description=Capacitor MLCC 0603 100nF 50V | AVX 06035C104K4T2A
Change Component Description : Designator=C11 Old Description=Capacitor MLCC 0603 100nF 50V New Description=Capacitor MLCC 0603 100nF 50V | AVX 06035C104K4T2A
Change Component Description : Designator=C12 Old Description=Capacitor MLCC 0603 100nF 50V New Description=Capacitor MLCC 0603 100nF 50V | AVX 06035C104K4T2A
Change Component Description : Designator=C14 Old Description=Capacitor MLCC 0603 100nF 50V New Description=Capacitor MLCC 0603 100nF 50V | AVX 06035C104K4T2A
Change Component Description : Designator=C16 Old Description=Capacitor MLCC 0603 100nF 50V New Description=Capacitor MLCC 0603 100nF 50V | AVX 06035C104K4T2A
Change Component Description : Designator=C17 Old Description=Capacitor MLCC 0603 100nF 50V New Description=Capacitor MLCC 0603 100nF 50V | AVX 06035C104K4T2A
Added Pin To Net: NetName=Motor4 Pin=U1-17
Added Member To Class: ClassName=Schematic Member=Component J6 B6B-PH-K
Added Member To Class: ClassName=Schematic Member=Component J8 35362-0450
Added Member To Class: ClassName=STM32 Member=Component VR1 LM7805MP/NOPB
