Change Component Designator: OldDesignator= NewDesignator=D1
Change Component Designator: OldDesignator= NewDesignator=D2
Change Component Designator: OldDesignator=RST NewDesignator=SW?
Change Component Designator: OldDesignator=XT60 NewDesignator=J5
Change Component Description : Designator=C2 Old Description=Capacitor MLCC 0603 100nF 50V New Description=Capacitor MLCC 0603 100nF 50V | AVX 06035C104K4T2A
Change Component Description : Designator=C5 Old Description=Capacitor MLCC 0603 100nF 50V New Description=Capacitor MLCC 0603 100nF 50V | AVX 06035C104K4T2A
Change Component Description : Designator=C6 Old Description=Capacitor MLCC 0603 100nF 50V New Description=Capacitor MLCC 0603 100nF 50V | AVX 06035C104K4T2A
Change Component Description : Designator=C7 Old Description=Capacitor MLCC 0603 100nF 50V New Description=Capacitor MLCC 0603 100nF 50V | AVX 06035C104K4T2A
Change Component Description : Designator=C9 Old Description=Capacitor MLCC 0603 100nF 50V New Description=Capacitor MLCC 0603 100nF 50V | AVX 06035C104K4T2A
Change Component Description : Designator=C10 Old Description=Capacitor MLCC 0603 100nF 50V New Description=Capacitor MLCC 0603 100nF 50V | AVX 06035C104K4T2A
Change Component Description : Designator=C11 Old Description=Capacitor MLCC 0603 100nF 50V New Description=Capacitor MLCC 0603 100nF 50V | AVX 06035C104K4T2A
Change Component Description : Designator=C12 Old Description=Capacitor MLCC 0603 100nF 50V New Description=Capacitor MLCC 0603 100nF 50V | AVX 06035C104K4T2A
Change Component Description : Designator=C14 Old Description=Capacitor MLCC 0603 100nF 50V New Description=Capacitor MLCC 0603 100nF 50V | AVX 06035C104K4T2A
Change Component Description : Designator=C16 Old Description=Capacitor MLCC 0603 100nF 50V New Description=Capacitor MLCC 0603 100nF 50V | AVX 06035C104K4T2A
Change Component Description : Designator=C17 Old Description=Capacitor MLCC 0603 100nF 50V New Description=Capacitor MLCC 0603 100nF 50V | AVX 06035C104K4T2A
Added Component: Designator=J9(JST_B5B-XH-A)
Add component (AddParameter): Name = "Check_prices"; Value = "https://www.snapeda.com/parts/B5B-XH-A/JST+Sales+America+Inc./view-part/?ref=eda"; VariantName = "[No Variations]"
Add component (AddParameter): Name = "MF"; Value = "JST Sales"; VariantName = "[No Variations]"
Add component (AddParameter): Name = "MP"; Value = "B5B-XH-A"; VariantName = "[No Variations]"
Add component (AddParameter): Name = "Package"; Value = "None"; VariantName = "[No Variations]"
Add component (AddParameter): Name = "SnapEDA_Link"; Value = "https://www.snapeda.com/parts/B5B-XH-A/JST+Sales+America+Inc./view-part/?ref=snap"; VariantName = "[No Variations]"
Add component (AddParameter): Name = "Value"; Value = ""; VariantName = "[No Variations]"
Added Pin To Net: NetName=23 Pin=J9-1
Added Pin To Net: NetName=23 Pin=U1-23
Added Net: Name=23
Added Pin To Net: NetName=24 Pin=J9-2
Added Pin To Net: NetName=24 Pin=U1-24
Added Net: Name=24
Added Pin To Net: NetName=25 Pin=J9-3
Added Pin To Net: NetName=25 Pin=U1-25
Added Net: Name=25
Added Pin To Net: NetName=26 Pin=J9-4
Added Pin To Net: NetName=26 Pin=U1-26
Added Net: Name=26
Added Pin To Net: NetName=27 Pin=J9-5
Added Pin To Net: NetName=27 Pin=U1-27
Added Net: Name=27
Added Member To Class: ClassName=STM32 Member=Component C2 100nF
Added Member To Class: ClassName=STM32 Member=Component D1 RED
Added Member To Class: ClassName=STM32 Member=Component D2 RED
Added Member To Class: ClassName=Schematic Member=Component J3 B3B-PH-K-S
Added Member To Class: ClassName=STM32 Member=Component J5 XT60-M
Added Member To Class: ClassName=Schematic Member=Component J9 B5B-XH-A
Added Member To Class: ClassName=STM32 Member=Component SW? 2-1977223-2
