Removed Pin From Net: NetName=ToFINT2 Pin=U1-39
Removed Pin From Net: NetName=XSHUT2 Pin=U1-40
Change Component Designator: OldDesignator= NewDesignator=J?
Change Component Designator: OldDesignator=XT60 NewDesignator=J5
Change Component Description : Designator=C2 Old Description=Capacitor MLCC 0603 100nF 50V New Description=Capacitor MLCC 0603 100nF 50V | AVX 06035C104K4T2A
Change Component Description : Designator=C5 Old Description=Capacitor MLCC 0603 100nF 50V New Description=Capacitor MLCC 0603 100nF 50V | AVX 06035C104K4T2A
Change Component Description : Designator=C6 Old Description=Capacitor MLCC 0603 100nF 50V New Description=Capacitor MLCC 0603 100nF 50V | AVX 06035C104K4T2A
Change Component Description : Designator=C7 Old Description=Capacitor MLCC 0603 100nF 50V New Description=Capacitor MLCC 0603 100nF 50V | AVX 06035C104K4T2A
Change Component Description : Designator=C9 Old Description=Capacitor MLCC 0603 100nF 50V New Description=Capacitor MLCC 0603 100nF 50V | AVX 06035C104K4T2A
Change Component Description : Designator=C10 Old Description=Capacitor MLCC 0603 100nF 50V New Description=Capacitor MLCC 0603 100nF 50V | AVX 06035C104K4T2A
Change Component Description : Designator=C11 Old Description=Capacitor MLCC 0603 100nF 50V New Description=Capacitor MLCC 0603 100nF 50V | AVX 06035C104K4T2A
Change Component Description : Designator=C12 Old Description=Capacitor MLCC 0603 100nF 50V New Description=Capacitor MLCC 0603 100nF 50V | AVX 06035C104K4T2A
Change Component Description : Designator=C14 Old Description=Capacitor MLCC 0603 100nF 50V New Description=Capacitor MLCC 0603 100nF 50V | AVX 06035C104K4T2A
Change Component Description : Designator=C16 Old Description=Capacitor MLCC 0603 100nF 50V New Description=Capacitor MLCC 0603 100nF 50V | AVX 06035C104K4T2A
Change Component Description : Designator=C17 Old Description=Capacitor MLCC 0603 100nF 50V New Description=Capacitor MLCC 0603 100nF 50V | AVX 06035C104K4T2A
Change Component Description : Designator=C20 Old Description=Capacitor MLCC 0603 100nF 50V New Description=Capacitor MLCC 0603 100nF 50V | AVX 06035C104K4T2A
Add component: Footprint Not Found RESC2012X60N
Add Pin To Net: Unknown Pin: Pin R?-1
Add Pin To Net: Unknown Pin: Pin R?-2
Added Pin To Net: NetName=ToFINT2 Pin=U1-38
Added Pin To Net: NetName=XSHUT2 Pin=U1-39
Added Member To Class: ClassName=Schematic Member=Component J9 B5B-XH-A
Added Member To Class: ClassName=Schematic Member=Component J?
Add Class Member: Failed to add class member : Component R? 3.3Ohm
